1699817355: mosquitto version 2.0.18 starting
1699817355: Config loaded from /mosquitto/config/mosquitto.conf.
1699817355: Error: Unable to open pwfile "/mosquitto/config/mosquitto_passwd".
1699817355: Error opening password file "/mosquitto/config/mosquitto_passwd".
1699817356: mosquitto version 2.0.18 starting
1699817356: Config loaded from /mosquitto/config/mosquitto.conf.
1699817356: Error: Unable to open pwfile "/mosquitto/config/mosquitto_passwd".
1699817356: Error opening password file "/mosquitto/config/mosquitto_passwd".
1699817357: mosquitto version 2.0.18 starting
1699817357: Config loaded from /mosquitto/config/mosquitto.conf.
1699817357: Error: Unable to open pwfile "/mosquitto/config/mosquitto_passwd".
1699817357: Error opening password file "/mosquitto/config/mosquitto_passwd".
1699817357: mosquitto version 2.0.18 starting
1699817357: Config loaded from /mosquitto/config/mosquitto.conf.
1699817357: Error: Unable to open pwfile "/mosquitto/config/mosquitto_passwd".
1699817357: Error opening password file "/mosquitto/config/mosquitto_passwd".
1699817359: mosquitto version 2.0.18 starting
1699817359: Config loaded from /mosquitto/config/mosquitto.conf.
1699817359: Error: Unable to open pwfile "/mosquitto/config/mosquitto_passwd".
1699817359: Error opening password file "/mosquitto/config/mosquitto_passwd".
1699817361: mosquitto version 2.0.18 starting
1699817361: Config loaded from /mosquitto/config/mosquitto.conf.
1699817361: Error: Unable to open pwfile "/mosquitto/config/mosquitto_passwd".
1699817361: Error opening password file "/mosquitto/config/mosquitto_passwd".
1699817578: mosquitto version 2.0.18 starting
1699817578: Config loaded from /mosquitto/config/mosquitto.conf.
1699817578: Opening ipv4 listen socket on port 1883.
1699817578: Opening ipv6 listen socket on port 1883.
1699817578: mosquitto version 2.0.18 running
1699818036: mosquitto version 2.0.18 terminating
1699818038: mosquitto version 2.0.18 starting
1699818038: Config loaded from /mosquitto/config/mosquitto.conf.
1699818038: Opening ipv4 listen socket on port 1883.
1699818038: Opening ipv6 listen socket on port 1883.
1699818038: mosquitto version 2.0.18 running
1699818041: mosquitto version 2.0.18 terminating
1699818074: mosquitto version 2.0.18 starting
1699818074: Config loaded from /mosquitto/config/mosquitto.conf.
1699818074: Opening ipv4 listen socket on port 1883.
1699818074: Opening ipv6 listen socket on port 1883.
1699818074: mosquitto version 2.0.18 running
1699818077: mosquitto version 2.0.18 terminating
1699818117: mosquitto version 2.0.18 starting
1699818117: Config loaded from /mosquitto/config/mosquitto.conf.
1699818117: Opening ipv4 listen socket on port 1883.
1699818117: Opening ipv6 listen socket on port 1883.
1699818117: mosquitto version 2.0.18 running
1699818119: mosquitto version 2.0.18 terminating
1699818237: mosquitto version 2.0.18 starting
1699818237: Config loaded from /mosquitto/config/mosquitto.conf.
1699818237: Opening ipv4 listen socket on port 1883.
1699818237: Opening ipv6 listen socket on port 1883.
1699818237: mosquitto version 2.0.18 running
1699818246: mosquitto version 2.0.18 terminating
1699818298: mosquitto version 2.0.18 starting
1699818298: Config loaded from /mosquitto/config/mosquitto.conf.
1699818298: Opening ipv4 listen socket on port 1883.
1699818298: Opening ipv6 listen socket on port 1883.
1699818298: mosquitto version 2.0.18 running
1699818301: mosquitto version 2.0.18 terminating
1699818354: mosquitto version 2.0.18 starting
1699818354: Config loaded from /mosquitto/config/mosquitto.conf.
1699818354: Opening ipv4 listen socket on port 1883.
1699818354: Opening ipv6 listen socket on port 1883.
1699818354: mosquitto version 2.0.18 running
1699819567: mosquitto version 2.0.18 terminating
1699819571: mosquitto version 2.0.18 starting
1699819571: Config loaded from /mosquitto/config/mosquitto.conf.
1699819571: Opening ipv4 listen socket on port 1883.
1699819571: Opening ipv6 listen socket on port 1883.
1699819571: mosquitto version 2.0.18 running
1699819653: mosquitto version 2.0.18 terminating
